<?xml version="1.0" encoding="UTF-8"?>
<!-- Generated by org.testng.reporters.JUnitXMLReporter -->
<testsuite ignored="0" hostname="infenix-PC" failures="0" tests="5" name="Default test" time="4.094" errors="0" timestamp="2024-06-10T17:10:38 EET">
  <testcase classname="testCaseProdact.LogInTest" name="setUpTest" time="1.619"/>
  <testcase classname="testCaseProdact.LogInTest" name="logINTest" time="0.23"/>
  <testcase classname="testCaseProdact.LogInTest" name="VireficationTheTextPradact" time="0.032"/>
  <testcase classname="testCaseProdact.LogInTest" name="SortProdact" time="1.12"/>
  <testcase classname="testCaseProdact.LogInTest" name="VerificationiLowPrice" time="1.037"/>
</testsuite> <!-- Default test -->
