<?xml version="1.0" encoding="UTF-8"?>
<!-- Generated by org.testng.reporters.JUnitXMLReporter -->
<testsuite ignored="0" hostname="infenix-PC" failures="0" tests="5" name="Default test" time="3.774" errors="0" timestamp="2024-06-14T19:33:20 EET">
  <testcase classname="testCaseProdact.LogInTest" name="setUpTest" time="0.944"/>
  <testcase classname="testCaseProdact.LogInTest" name="logINTest" time="0.457"/>
  <testcase classname="testCaseProdact.LogInTest" name="VireficationTheTextPradact" time="0.081"/>
  <testcase classname="testCaseProdact.LogInTest" name="SortProdact" time="1.169"/>
  <testcase classname="testCaseProdact.LogInTest" name="VerificationiLowPrice" time="1.053"/>
</testsuite> <!-- Default test -->
