<?xml version="1.0" encoding="UTF-8"?>
<testng-results ignored="0" total="5" passed="5" failed="0" skipped="0">
  <reporter-output>
  </reporter-output>
  <suite started-at="2024-06-14T19:33:16 EET" name="Default suite" finished-at="2024-06-14T19:33:20 EET" duration-ms="3774">
    <groups>
    </groups>
    <test started-at="2024-06-14T19:33:16 EET" name="Default test" finished-at="2024-06-14T19:33:20 EET" duration-ms="3774">
      <class name="testCaseProdact.LogInTest">
        <test-method signature="setUpTest()[pri:1, instance:testCaseProdact.LogInTest@1433046b]" started-at="2024-06-14T19:33:16 EET" name="setUpTest" finished-at="2024-06-14T19:33:17 EET" duration-ms="944" status="PASS">
          <reporter-output>
          </reporter-output>
        </test-method> <!-- setUpTest -->
        <test-method signature="logINTest()[pri:2, instance:testCaseProdact.LogInTest@1433046b]" started-at="2024-06-14T19:33:17 EET" name="logINTest" finished-at="2024-06-14T19:33:18 EET" duration-ms="457" status="PASS">
          <reporter-output>
          </reporter-output>
        </test-method> <!-- logINTest -->
        <test-method signature="VireficationTheTextPradact()[pri:3, instance:testCaseProdact.LogInTest@1433046b]" started-at="2024-06-14T19:33:18 EET" name="VireficationTheTextPradact" finished-at="2024-06-14T19:33:18 EET" duration-ms="81" status="PASS">
          <reporter-output>
          </reporter-output>
        </test-method> <!-- VireficationTheTextPradact -->
        <test-method signature="SortProdact()[pri:4, instance:testCaseProdact.LogInTest@1433046b]" started-at="2024-06-14T19:33:18 EET" name="SortProdact" finished-at="2024-06-14T19:33:19 EET" duration-ms="1169" status="PASS">
          <reporter-output>
          </reporter-output>
        </test-method> <!-- SortProdact -->
        <test-method signature="VerificationiLowPrice()[pri:5, instance:testCaseProdact.LogInTest@1433046b]" started-at="2024-06-14T19:33:19 EET" name="VerificationiLowPrice" finished-at="2024-06-14T19:33:20 EET" duration-ms="1053" status="PASS">
          <reporter-output>
          </reporter-output>
        </test-method> <!-- VerificationiLowPrice -->
      </class> <!-- testCaseProdact.LogInTest -->
    </test> <!-- Default test -->
  </suite> <!-- Default suite -->
</testng-results>
